<?xml version="1.0" encoding="UTF-8"?>
<testng-results skipped="0" failed="0" total="1" passed="1">
  <reporter-output>
  </reporter-output>
  <suite name="Default suite" duration-ms="27987" started-at="2018-07-28T10:18:23Z" finished-at="2018-07-28T10:18:51Z">
    <groups>
    </groups>
    <test name="Default test" duration-ms="27987" started-at="2018-07-28T10:18:23Z" finished-at="2018-07-28T10:18:51Z">
      <class name="com.example.FirstTest">
        <test-method status="PASS" signature="firstTest()[pri:0, instance:com.example.FirstTest@29ee9faa]" name="firstTest" duration-ms="27895" started-at="2018-07-28T15:48:23Z" finished-at="2018-07-28T15:48:51Z">
          <reporter-output>
          </reporter-output>
        </test-method> <!-- firstTest -->
      </class> <!-- com.example.FirstTest -->
    </test> <!-- Default test -->
  </suite> <!-- Default suite -->
</testng-results>
