<?xml version="1.0" encoding="UTF-8"?>
<testsuite xmlns:xsi="http://www.w3.org/2001/XMLSchema-instance" xsi:noNamespaceSchemaLocation="https://maven.apache.org/surefire/maven-surefire-plugin/xsd/surefire-test-report.xsd" name="TestSuite" time="9.835" tests="4" errors="0" skipped="0" failures="0">
  <properties>
[...]
</properties>
  <testcase name="firstTest" classname="com.example.FirstTest" time="8.944"/>
  <testcase name="firstTest" classname="com.example.SecondTest" time="0.003"/>
  <testcase name="secondTest" classname="com.example.SecondTest" time="0.001"/>
  <testcase name="thirdTest" classname="com.example.SecondTest" time="0"/>
</testsuite>