-------------------------------------------------------------------------------
Test set: TestSuite
-------------------------------------------------------------------------------
Tests run: 6, Failures: 1, Errors: 0, Skipped: 0, Time elapsed: 1.048 s <<< FAILURE! - in TestSuite
thirdTest(com.example.FirstTest)  Time elapsed: 0.082 s  <<< FAILURE!
java.lang.AssertionError: expected [true] but found [false]
	at com.example.FirstTest.thirdTest(FirstTest.java:19)

