<?xml version="1.0" encoding="UTF-8"?>
<!-- Generated by org.testng.reporters.JUnitXMLReporter -->
<testsuite hostname="Bhosale" name="Test" tests="6" failures="0" timestamp="22 Jul 2018 15:26:32 GMT" time="0.18" errors="0">
  <testcase name="firstTest" time="0.042" classname="com.example.FirstTest"/>
  <testcase name="secondTest" time="0.006" classname="com.example.FirstTest"/>
  <testcase name="thirdTest" time="0.006" classname="com.example.FirstTest"/>
  <testcase name="firstTest" time="0.007" classname="com.example.SecondTest"/>
  <testcase name="secondTest" time="0.005" classname="com.example.SecondTest"/>
  <testcase name="thirdTest" time="0.005" classname="com.example.SecondTest"/>
</testsuite> <!-- Test -->
